<?xml version="1.0" encoding="UTF-8"?>
<coverage generated="1658939824527" clover="3.2.0">
  <project timestamp="1658939824527" name="All files">
    <metrics statements="41" coveredstatements="24" conditionals="6" coveredconditionals="2" methods="16" coveredmethods="7" elements="63" coveredelements="33" complexity="0" loc="41" ncloc="41" packages="1" files="4" classes="4"/>
    <file name="Home.tsx" path="C:\Users\amada\OneDrive\Documents\GitHub\Coeus-god-of-queries\src\client\Components\Home.tsx">
      <metrics statements="17" coveredstatements="15" conditionals="2" coveredconditionals="2" methods="6" coveredmethods="4"/>
      <line num="12" count="1" type="stmt"/>
      <line num="13" count="3" type="stmt"/>
      <line num="14" count="3" type="stmt"/>
      <line num="16" count="3" type="stmt"/>
      <line num="18" count="1" type="stmt"/>
      <line num="25" count="3" type="stmt"/>
      <line num="26" count="0" type="stmt"/>
      <line num="30" count="0" type="stmt"/>
      <line num="34" count="3" type="stmt"/>
      <line num="35" count="2" type="stmt"/>
      <line num="36" count="2" type="cond" truecount="2" falsecount="0"/>
      <line num="37" count="1" type="stmt"/>
      <line num="38" count="2" type="stmt"/>
      <line num="40" count="1" type="stmt"/>
      <line num="44" count="3" type="stmt"/>
      <line num="45" count="2" type="stmt"/>
      <line num="51" count="3" type="stmt"/>
    </file>
    <file name="Login.tsx" path="C:\Users\amada\OneDrive\Documents\GitHub\Coeus-god-of-queries\src\client\Components\Login.tsx">
      <metrics statements="18" coveredstatements="4" conditionals="4" coveredconditionals="0" methods="7" coveredmethods="1"/>
      <line num="5" count="1" type="stmt"/>
      <line num="6" count="9" type="stmt"/>
      <line num="7" count="8" type="stmt"/>
      <line num="8" count="8" type="stmt"/>
      <line num="12" count="0" type="stmt"/>
      <line num="13" count="0" type="stmt"/>
      <line num="14" count="0" type="stmt"/>
      <line num="19" count="0" type="stmt"/>
      <line num="24" count="0" type="stmt"/>
      <line num="25" count="0" type="stmt"/>
      <line num="28" count="0" type="stmt"/>
      <line num="32" count="0" type="cond" truecount="0" falsecount="4"/>
      <line num="33" count="0" type="stmt"/>
      <line num="34" count="0" type="stmt"/>
      <line num="38" count="0" type="stmt"/>
      <line num="45" count="0" type="stmt"/>
      <line num="57" count="0" type="stmt"/>
      <line num="58" count="0" type="stmt"/>
    </file>
    <file name="ProblemCards.tsx" path="C:\Users\amada\OneDrive\Documents\GitHub\Coeus-god-of-queries\src\client\Components\ProblemCards.tsx">
      <metrics statements="4" coveredstatements="3" conditionals="0" coveredconditionals="0" methods="2" coveredmethods="1"/>
      <line num="11" count="1" type="stmt"/>
      <line num="13" count="2" type="stmt"/>
      <line num="14" count="0" type="stmt"/>
      <line num="19" count="2" type="stmt"/>
    </file>
    <file name="ProblemContainer.tsx" path="C:\Users\amada\OneDrive\Documents\GitHub\Coeus-god-of-queries\src\client\Components\ProblemContainer.tsx">
      <metrics statements="2" coveredstatements="2" conditionals="0" coveredconditionals="0" methods="1" coveredmethods="1"/>
      <line num="9" count="1" type="stmt"/>
      <line num="12" count="3" type="stmt"/>
    </file>
  </project>
</coverage>
