<?xml version="1.0" encoding="UTF-8"?>
<coverage generated="1658881450706" clover="3.2.0">
  <project timestamp="1658881450706" name="All files">
    <metrics statements="6" coveredstatements="4" conditionals="0" coveredconditionals="0" methods="3" coveredmethods="1" elements="9" coveredelements="5" complexity="0" loc="6" ncloc="6" packages="1" files="1" classes="1"/>
    <file name="Home.tsx" path="/Users/anthonyking/Coeus-god-of-queries/src/client/Components/Home.tsx">
      <metrics statements="6" coveredstatements="4" conditionals="0" coveredconditionals="0" methods="3" coveredmethods="1"/>
      <line num="11" count="1" type="stmt"/>
      <line num="12" count="1" type="stmt"/>
      <line num="15" count="1" type="stmt"/>
      <line num="16" count="0" type="stmt"/>
      <line num="20" count="0" type="stmt"/>
      <line num="28" count="1" type="stmt"/>
    </file>
  </project>
</coverage>
