{"C:\\Users\\amada\\OneDrive\\Documents\\GitHub\\Coeus-god-of-queries\\src\\client\\Components\\Home.tsx": {"path":"C:\\Users\\amada\\OneDrive\\Documents\\GitHub\\Coeus-god-of-queries\\src\\client\\Components\\Home.tsx","statementMap":{"0":{"start":{"line":12,"column":13},"end":{"line":58,"column":1}},"1":{"start":{"line":13,"column":33},"end":{"line":13,"column":52}},"2":{"start":{"line":14,"column":28},"end":{"line":14,"column":38}},"3":{"start":{"line":16,"column":2},"end":{"line":22,"column":8}},"4":{"start":{"line":18,"column":4},"end":{"line":18,"column":108}},"5":{"start":{"line":25,"column":21},"end":{"line":32,"column":3}},"6":{"start":{"line":26,"column":4},"end":{"line":31,"column":6}},"7":{"start":{"line":30,"column":6},"end":{"line":30,"column":23}},"8":{"start":{"line":34,"column":20},"end":{"line":42,"column":3}},"9":{"start":{"line":35,"column":23},"end":{"line":35,"column":25}},"10":{"start":{"line":36,"column":4},"end":{"line":41,"column":5}},"11":{"start":{"line":37,"column":6},"end":{"line":39,"column":7}},"12":{"start":{"line":37,"column":18},"end":{"line":37,"column":19}},"13":{"start":{"line":38,"column":8},"end":{"line":38,"column":113}},"14":{"start":{"line":40,"column":6},"end":{"line":40,"column":23}},"15":{"start":{"line":44,"column":2},"end":{"line":46,"column":14}},"16":{"start":{"line":45,"column":4},"end":{"line":45,"column":22}},"17":{"start":{"line":51,"column":0},"end":{"line":57,"column":3}}},"fnMap":{"0":{"name":"(anonymous_0)","decl":{"start":{"line":12,"column":13},"end":{"line":12,"column":14}},"loc":{"start":{"line":12,"column":43},"end":{"line":58,"column":1}},"line":12},"1":{"name":"(anonymous_1)","decl":{"start":{"line":16,"column":12},"end":{"line":16,"column":13}},"loc":{"start":{"line":16,"column":18},"end":{"line":22,"column":3}},"line":16},"2":{"name":"(anonymous_2)","decl":{"start":{"line":25,"column":21},"end":{"line":25,"column":22}},"loc":{"start":{"line":25,"column":26},"end":{"line":32,"column":3}},"line":25},"3":{"name":"(anonymous_3)","decl":{"start":{"line":29,"column":12},"end":{"line":29,"column":13}},"loc":{"start":{"line":29,"column":20},"end":{"line":31,"column":5}},"line":29},"4":{"name":"(anonymous_4)","decl":{"start":{"line":34,"column":20},"end":{"line":34,"column":21}},"loc":{"start":{"line":34,"column":38},"end":{"line":42,"column":3}},"line":34},"5":{"name":"(anonymous_5)","decl":{"start":{"line":44,"column":12},"end":{"line":44,"column":13}},"loc":{"start":{"line":44,"column":16},"end":{"line":46,"column":3}},"line":44}},"branchMap":{"0":{"loc":{"start":{"line":36,"column":4},"end":{"line":41,"column":5}},"type":"if","locations":[{"start":{"line":36,"column":4},"end":{"line":41,"column":5}},{"start":{},"end":{}}],"line":36}},"s":{"0":1,"1":3,"2":3,"3":3,"4":1,"5":3,"6":0,"7":0,"8":3,"9":2,"10":2,"11":1,"12":1,"13":2,"14":1,"15":3,"16":2,"17":3},"f":{"0":3,"1":1,"2":0,"3":0,"4":2,"5":2},"b":{"0":[1,1]},"_coverageSchema":"1a1c01bbd47fc00a2c39e90264f33305004495a9","hash":"cef5106fdccf69ef224838e3534bc43e404d577f"}
,"C:\\Users\\amada\\OneDrive\\Documents\\GitHub\\Coeus-god-of-queries\\src\\client\\Components\\Login.tsx": {"path":"C:\\Users\\amada\\OneDrive\\Documents\\GitHub\\Coeus-god-of-queries\\src\\client\\Components\\Login.tsx","statementMap":{"0":{"start":{"line":5,"column":14},"end":{"line":63,"column":1}},"1":{"start":{"line":6,"column":19},"end":{"line":6,"column":49}},"2":{"start":{"line":7,"column":19},"end":{"line":7,"column":49}},"3":{"start":{"line":8,"column":19},"end":{"line":8,"column":32}},"4":{"start":{"line":12,"column":22},"end":{"line":36,"column":3}},"5":{"start":{"line":13,"column":26},"end":{"line":13,"column":49}},"6":{"start":{"line":14,"column":26},"end":{"line":14,"column":49}},"7":{"start":{"line":19,"column":4},"end":{"line":29,"column":7}},"8":{"start":{"line":24,"column":6},"end":{"line":24,"column":28}},"9":{"start":{"line":25,"column":6},"end":{"line":25,"column":50}},"10":{"start":{"line":28,"column":6},"end":{"line":28,"column":25}},"11":{"start":{"line":32,"column":4},"end":{"line":35,"column":5}},"12":{"start":{"line":33,"column":4},"end":{"line":33,"column":32}},"13":{"start":{"line":34,"column":4},"end":{"line":34,"column":32}},"14":{"start":{"line":38,"column":23},"end":{"line":40,"column":3}},"15":{"start":{"line":45,"column":2},"end":{"line":62,"column":4}},"16":{"start":{"line":57,"column":32},"end":{"line":57,"column":47}},"17":{"start":{"line":58,"column":32},"end":{"line":58,"column":46}}},"fnMap":{"0":{"name":"(anonymous_0)","decl":{"start":{"line":5,"column":14},"end":{"line":5,"column":15}},"loc":{"start":{"line":5,"column":33},"end":{"line":63,"column":1}},"line":5},"1":{"name":"(anonymous_1)","decl":{"start":{"line":12,"column":22},"end":{"line":12,"column":23}},"loc":{"start":{"line":12,"column":72},"end":{"line":36,"column":3}},"line":12},"2":{"name":"(anonymous_2)","decl":{"start":{"line":23,"column":10},"end":{"line":23,"column":11}},"loc":{"start":{"line":23,"column":24},"end":{"line":26,"column":5}},"line":23},"3":{"name":"(anonymous_3)","decl":{"start":{"line":27,"column":11},"end":{"line":27,"column":12}},"loc":{"start":{"line":27,"column":22},"end":{"line":29,"column":5}},"line":27},"4":{"name":"(anonymous_4)","decl":{"start":{"line":38,"column":23},"end":{"line":38,"column":24}},"loc":{"start":{"line":38,"column":72},"end":{"line":40,"column":3}},"line":38},"5":{"name":"(anonymous_5)","decl":{"start":{"line":57,"column":25},"end":{"line":57,"column":26}},"loc":{"start":{"line":57,"column":32},"end":{"line":57,"column":47}},"line":57},"6":{"name":"(anonymous_6)","decl":{"start":{"line":58,"column":25},"end":{"line":58,"column":26}},"loc":{"start":{"line":58,"column":32},"end":{"line":58,"column":46}},"line":58}},"branchMap":{"0":{"loc":{"start":{"line":32,"column":4},"end":{"line":35,"column":5}},"type":"if","locations":[{"start":{"line":32,"column":4},"end":{"line":35,"column":5}},{"start":{},"end":{}}],"line":32},"1":{"loc":{"start":{"line":32,"column":8},"end":{"line":32,"column":62}},"type":"binary-expr","locations":[{"start":{"line":32,"column":8},"end":{"line":32,"column":33}},{"start":{"line":32,"column":37},"end":{"line":32,"column":62}}],"line":32}},"s":{"0":1,"1":9,"2":8,"3":8,"4":0,"5":0,"6":0,"7":0,"8":0,"9":0,"10":0,"11":0,"12":0,"13":0,"14":0,"15":0,"16":0,"17":0},"f":{"0":9,"1":0,"2":0,"3":0,"4":0,"5":0,"6":0},"b":{"0":[0,0],"1":[0,0]},"_coverageSchema":"1a1c01bbd47fc00a2c39e90264f33305004495a9","hash":"21f6adac07a365587e6b70860bc8526e81b8b4a7"}
,"C:\\Users\\amada\\OneDrive\\Documents\\GitHub\\Coeus-god-of-queries\\src\\client\\Components\\ProblemCards.tsx": {"path":"C:\\Users\\amada\\OneDrive\\Documents\\GitHub\\Coeus-god-of-queries\\src\\client\\Components\\ProblemCards.tsx","statementMap":{"0":{"start":{"line":11,"column":23},"end":{"line":27,"column":3}},"1":{"start":{"line":13,"column":24},"end":{"line":16,"column":5}},"2":{"start":{"line":14,"column":6},"end":{"line":14,"column":34}},"3":{"start":{"line":19,"column":2},"end":{"line":26,"column":5}}},"fnMap":{"0":{"name":"(anonymous_0)","decl":{"start":{"line":11,"column":23},"end":{"line":11,"column":24}},"loc":{"start":{"line":11,"column":66},"end":{"line":27,"column":3}},"line":11},"1":{"name":"(anonymous_1)","decl":{"start":{"line":13,"column":24},"end":{"line":13,"column":25}},"loc":{"start":{"line":13,"column":30},"end":{"line":16,"column":5}},"line":13}},"branchMap":{},"s":{"0":1,"1":2,"2":0,"3":2},"f":{"0":2,"1":0},"b":{},"_coverageSchema":"1a1c01bbd47fc00a2c39e90264f33305004495a9","hash":"a7f801cbfd92be777ccbfd67712782943f863027"}
,"C:\\Users\\amada\\OneDrive\\Documents\\GitHub\\Coeus-god-of-queries\\src\\client\\Components\\ProblemContainer.tsx": {"path":"C:\\Users\\amada\\OneDrive\\Documents\\GitHub\\Coeus-god-of-queries\\src\\client\\Components\\ProblemContainer.tsx","statementMap":{"0":{"start":{"line":9,"column":27},"end":{"line":15,"column":3}},"1":{"start":{"line":12,"column":4},"end":{"line":14,"column":5}}},"fnMap":{"0":{"name":"(anonymous_0)","decl":{"start":{"line":9,"column":27},"end":{"line":9,"column":28}},"loc":{"start":{"line":9,"column":70},"end":{"line":15,"column":3}},"line":9}},"branchMap":{},"s":{"0":1,"1":3},"f":{"0":3},"b":{},"_coverageSchema":"1a1c01bbd47fc00a2c39e90264f33305004495a9","hash":"59abb18b24c9f2553f60bb84046c604951ab312f"}
}
