{"C:\\Users\\dongp\\Desktop\\codesmith\\Coeus-god-of-queries\\src\\server\\db.ts": {"path":"C:\\Users\\dongp\\Desktop\\codesmith\\Coeus-god-of-queries\\src\\server\\db.ts","statementMap":{"0":{"start":{"line":3,"column":15},"end":{"line":3,"column":107}},"1":{"start":{"line":5,"column":13},"end":{"line":7,"column":2}},"2":{"start":{"line":9,"column":11},"end":{"line":13,"column":1}},"3":{"start":{"line":11,"column":6},"end":{"line":11,"column":38}}},"fnMap":{"0":{"name":"(anonymous_0)","decl":{"start":{"line":10,"column":9},"end":{"line":10,"column":10}},"loc":{"start":{"line":10,"column":46},"end":{"line":12,"column":3}},"line":10}},"branchMap":{},"s":{"0":1,"1":1,"2":1,"3":2},"f":{"0":2},"b":{},"_coverageSchema":"1a1c01bbd47fc00a2c39e90264f33305004495a9","hash":"19eeddefa01bf7d73c7e3f61c18fb501b8b07042"}
,"C:\\Users\\dongp\\Desktop\\codesmith\\Coeus-god-of-queries\\src\\server\\server.ts": {"path":"C:\\Users\\dongp\\Desktop\\codesmith\\Coeus-god-of-queries\\src\\server\\server.ts","statementMap":{"0":{"start":{"line":7,"column":12},"end":{"line":7,"column":21}},"1":{"start":{"line":9,"column":0},"end":{"line":9,"column":24}},"2":{"start":{"line":10,"column":0},"end":{"line":10,"column":48}},"3":{"start":{"line":12,"column":0},"end":{"line":12,"column":62}},"4":{"start":{"line":14,"column":0},"end":{"line":16,"column":2}},"5":{"start":{"line":15,"column":2},"end":{"line":15,"column":44}},"6":{"start":{"line":17,"column":0},"end":{"line":19,"column":2}},"7":{"start":{"line":18,"column":2},"end":{"line":18,"column":44}},"8":{"start":{"line":21,"column":0},"end":{"line":23,"column":2}},"9":{"start":{"line":22,"column":2},"end":{"line":22,"column":40}},"10":{"start":{"line":28,"column":0},"end":{"line":30,"column":3}},"11":{"start":{"line":29,"column":2},"end":{"line":29,"column":41}},"12":{"start":{"line":33,"column":0},"end":{"line":42,"column":2}},"13":{"start":{"line":34,"column":21},"end":{"line":38,"column":3}},"14":{"start":{"line":39,"column":19},"end":{"line":39,"column":53}},"15":{"start":{"line":40,"column":2},"end":{"line":40,"column":28}},"16":{"start":{"line":41,"column":2},"end":{"line":41,"column":60}}},"fnMap":{"0":{"name":"(anonymous_0)","decl":{"start":{"line":14,"column":53},"end":{"line":14,"column":54}},"loc":{"start":{"line":14,"column":86},"end":{"line":16,"column":1}},"line":14},"1":{"name":"(anonymous_1)","decl":{"start":{"line":17,"column":59},"end":{"line":17,"column":60}},"loc":{"start":{"line":17,"column":92},"end":{"line":19,"column":1}},"line":17},"2":{"name":"(anonymous_2)","decl":{"start":{"line":21,"column":46},"end":{"line":21,"column":47}},"loc":{"start":{"line":21,"column":79},"end":{"line":23,"column":1}},"line":21},"3":{"name":"(anonymous_3)","decl":{"start":{"line":28,"column":13},"end":{"line":28,"column":14}},"loc":{"start":{"line":28,"column":46},"end":{"line":30,"column":1}},"line":28},"4":{"name":"(anonymous_4)","decl":{"start":{"line":33,"column":13},"end":{"line":33,"column":14}},"loc":{"start":{"line":33,"column":84},"end":{"line":42,"column":1}},"line":33}},"branchMap":{},"s":{"0":1,"1":1,"2":1,"3":1,"4":1,"5":0,"6":1,"7":0,"8":1,"9":2,"10":1,"11":0,"12":1,"13":0,"14":0,"15":0,"16":0},"f":{"0":0,"1":0,"2":2,"3":0,"4":0},"b":{},"_coverageSchema":"1a1c01bbd47fc00a2c39e90264f33305004495a9","hash":"727b8d8a50919c54bd8d4bc22c66c796a54d2da0"}
,"C:\\Users\\dongp\\Desktop\\codesmith\\Coeus-god-of-queries\\src\\server\\controllers\\problemController.ts": {"path":"C:\\Users\\dongp\\Desktop\\codesmith\\Coeus-god-of-queries\\src\\server\\controllers\\problemController.ts","statementMap":{"0":{"start":{"line":6,"column":46},"end":{"line":45,"column":1}},"1":{"start":{"line":9,"column":4},"end":{"line":22,"column":5}},"2":{"start":{"line":10,"column":21},"end":{"line":10,"column":45}},"3":{"start":{"line":11,"column":23},"end":{"line":11,"column":43}},"4":{"start":{"line":12,"column":8},"end":{"line":12,"column":42}},"5":{"start":{"line":13,"column":8},"end":{"line":13,"column":22}},"6":{"start":{"line":16,"column":8},"end":{"line":16,"column":25}},"7":{"start":{"line":17,"column":8},"end":{"line":21,"column":10}},"8":{"start":{"line":26,"column":4},"end":{"line":41,"column":5}},"9":{"start":{"line":27,"column":25},"end":{"line":27,"column":35}},"10":{"start":{"line":28,"column":21},"end":{"line":28,"column":61}},"11":{"start":{"line":29,"column":23},"end":{"line":29,"column":29}},"12":{"start":{"line":30,"column":23},"end":{"line":30,"column":51}},"13":{"start":{"line":31,"column":8},"end":{"line":31,"column":42}},"14":{"start":{"line":32,"column":8},"end":{"line":32,"column":22}},"15":{"start":{"line":35,"column":8},"end":{"line":35,"column":25}},"16":{"start":{"line":36,"column":8},"end":{"line":40,"column":10}}},"fnMap":{"0":{"name":"(anonymous_0)","decl":{"start":{"line":8,"column":17},"end":{"line":8,"column":18}},"loc":{"start":{"line":8,"column":81},"end":{"line":23,"column":3}},"line":8},"1":{"name":"(anonymous_1)","decl":{"start":{"line":25,"column":17},"end":{"line":25,"column":18}},"loc":{"start":{"line":25,"column":81},"end":{"line":42,"column":3}},"line":25}},"branchMap":{},"s":{"0":1,"1":0,"2":0,"3":0,"4":0,"5":0,"6":0,"7":0,"8":0,"9":0,"10":0,"11":0,"12":0,"13":0,"14":0,"15":0,"16":0},"f":{"0":0,"1":0},"b":{},"_coverageSchema":"1a1c01bbd47fc00a2c39e90264f33305004495a9","hash":"777f7c9843b78b46b3d4a9cb313bf2b137c698d8"}
,"C:\\Users\\dongp\\Desktop\\codesmith\\Coeus-god-of-queries\\src\\server\\controllers\\userController.ts": {"path":"C:\\Users\\dongp\\Desktop\\codesmith\\Coeus-god-of-queries\\src\\server\\controllers\\userController.ts","statementMap":{"0":{"start":{"line":6,"column":40},"end":{"line":65,"column":1}},"1":{"start":{"line":9,"column":4},"end":{"line":28,"column":5}},"2":{"start":{"line":10,"column":39},"end":{"line":10,"column":47}},"3":{"start":{"line":11,"column":8},"end":{"line":11,"column":29}},"4":{"start":{"line":13,"column":21},"end":{"line":13,"column":77}},"5":{"start":{"line":14,"column":23},"end":{"line":14,"column":43}},"6":{"start":{"line":15,"column":23},"end":{"line":15,"column":51}},"7":{"start":{"line":16,"column":8},"end":{"line":16,"column":33}},"8":{"start":{"line":19,"column":8},"end":{"line":19,"column":22}},"9":{"start":{"line":22,"column":8},"end":{"line":22,"column":25}},"10":{"start":{"line":23,"column":8},"end":{"line":27,"column":10}},"11":{"start":{"line":32,"column":6},"end":{"line":63,"column":7}},"12":{"start":{"line":33,"column":41},"end":{"line":33,"column":49}},"13":{"start":{"line":35,"column":23},"end":{"line":35,"column":99}},"14":{"start":{"line":36,"column":25},"end":{"line":36,"column":45}},"15":{"start":{"line":37,"column":25},"end":{"line":37,"column":53}},"16":{"start":{"line":38,"column":10},"end":{"line":38,"column":44}},"17":{"start":{"line":39,"column":10},"end":{"line":39,"column":40}},"18":{"start":{"line":40,"column":10},"end":{"line":40,"column":24}},"19":{"start":{"line":58,"column":10},"end":{"line":62,"column":12}}},"fnMap":{"0":{"name":"(anonymous_0)","decl":{"start":{"line":8,"column":14},"end":{"line":8,"column":15}},"loc":{"start":{"line":8,"column":78},"end":{"line":29,"column":3}},"line":8},"1":{"name":"(anonymous_1)","decl":{"start":{"line":31,"column":14},"end":{"line":31,"column":15}},"loc":{"start":{"line":31,"column":78},"end":{"line":64,"column":3}},"line":31}},"branchMap":{},"s":{"0":1,"1":0,"2":0,"3":0,"4":0,"5":0,"6":0,"7":0,"8":0,"9":0,"10":0,"11":2,"12":2,"13":2,"14":2,"15":2,"16":2,"17":2,"18":2,"19":0},"f":{"0":0,"1":2},"b":{},"_coverageSchema":"1a1c01bbd47fc00a2c39e90264f33305004495a9","hash":"0666033b340d183b45b98505881b767f54be69ae"}
}
