TN:
SF:src/client/Components/Login.tsx
FN:5,(anonymous_0)
FN:12,(anonymous_1)
FN:23,(anonymous_2)
FN:27,(anonymous_3)
FN:38,(anonymous_4)
FN:57,(anonymous_5)
FN:58,(anonymous_6)
FNF:7
FNH:3
FNDA:4,(anonymous_0)
FNDA:2,(anonymous_1)
FNDA:0,(anonymous_2)
FNDA:0,(anonymous_3)
FNDA:0,(anonymous_4)
FNDA:0,(anonymous_5)
FNDA:2,(anonymous_6)
DA:5,1
DA:6,4
DA:7,4
DA:12,4
DA:13,2
DA:14,2
DA:19,2
DA:24,0
DA:28,0
DA:32,2
DA:33,2
DA:34,2
DA:38,4
DA:45,4
DA:57,0
DA:58,2
LF:16
LH:13
BRDA:32,0,0,2
BRDA:32,0,1,0
BRDA:32,1,0,2
BRDA:32,1,1,2
BRF:4
BRH:3
end_of_record
