TN:
SF:src/client/Components/Login.tsx
FN:4,(anonymous_0)
FN:8,(anonymous_1)
FN:19,(anonymous_2)
FN:22,(anonymous_3)
FN:33,(anonymous_4)
FN:50,(anonymous_5)
FN:51,(anonymous_6)
FNF:7
FNH:3
FNDA:4,(anonymous_0)
FNDA:2,(anonymous_1)
FNDA:0,(anonymous_2)
FNDA:0,(anonymous_3)
FNDA:0,(anonymous_4)
FNDA:0,(anonymous_5)
FNDA:2,(anonymous_6)
DA:4,1
DA:5,4
DA:6,4
DA:8,4
DA:9,2
DA:10,2
DA:15,2
DA:20,0
DA:23,0
DA:27,2
DA:28,2
DA:29,2
DA:33,4
DA:38,4
DA:50,0
DA:51,2
LF:16
LH:13
BRDA:27,0,0,2
BRDA:27,0,1,0
BRDA:27,1,0,2
BRDA:27,1,1,2
BRF:4
BRH:3
end_of_record
